<?xml version="1.0" encoding="UTF-8"?>
<testng-results skipped="0" failed="0" total="2" passed="2">
  <reporter-output>
  </reporter-output>
  <suite name="Default suite" duration-ms="71" started-at="2014-06-19T13:22:22Z" finished-at="2014-06-19T13:22:22Z">
    <groups>
    </groups>
    <test name="Default test" duration-ms="71" started-at="2014-06-19T13:22:22Z" finished-at="2014-06-19T13:22:22Z">
      <class name="src.tests.SumatorTest">
        <test-method status="PASS" signature="TestSumatorWithBigIntegers()[pri:0, instance:src.tests.SumatorTest@133adc]" name="TestSumatorWithBigIntegers" duration-ms="35" started-at="2014-06-19T16:22:22Z" finished-at="2014-06-19T16:22:22Z">
          <reporter-output>
          </reporter-output>
        </test-method> <!-- TestSumatorWithBigIntegers -->
        <test-method status="PASS" signature="TestSumatorWithIntegers()[pri:0, instance:src.tests.SumatorTest@133adc]" name="TestSumatorWithIntegers" duration-ms="5" started-at="2014-06-19T16:22:22Z" finished-at="2014-06-19T16:22:22Z">
          <reporter-output>
          </reporter-output>
        </test-method> <!-- TestSumatorWithIntegers -->
      </class> <!-- src.tests.SumatorTest -->
    </test> <!-- Default test -->
  </suite> <!-- Default suite -->
</testng-results>
